
bb_init()

bb_getattr(path="/.Trash", statbuf=0xb6f661d0)

Indiced Diff: 6

Fixed Path: /.Trash/, Year: 0, Month: 0, Day: 0
	ERROR bb_getattr lstat: Success
	bb_fullpath:  rootdir = "/home/andrew/source", path = "/.Trash", fpath = "/home/andrew/source/.Trash"
	ERROR bb_getattr lstat: No such file or directory
    st_dev = 0
    st_ino = 0
    st_mode = 00
    st_nlink = 0
    st_uid = 0
    st_gid = 0
    st_rdev = 0
    st_size = 0
    st_blksize = 0
    st_blocks = 0
    st_atime = 0x00000000
    st_mtime = 0x00000000
    st_ctime = 0x00000000

Indiced Diff: 0

Fixed Path: //, Year: 0, Month: 0, Day: 0
	ERROR bb_getattr lstat: Success

bb_opendir(path="/", fi=0xb7789200)
	bb_fullpath:  rootdir = "/home/andrew/source", path = "/", fpath = "/home/andrew/source/"
    flags = 0x00098800
    fh_old = 0x00000000
    writepage = 0
    direct_io = 0
    keep_cache = 0
    fh = 0x00000000088ebaa0
    lock_owner = 0x0000000000000000

bb_getattr(path="/.Trash-1000", statbuf=0xb6f661d0)

Indiced Diff: 11

Fixed Path: /.Trash-1000/, Year: 0, Month: 0, Day: 0
	ERROR bb_getattr lstat: No such file or directory
	bb_fullpath:  rootdir = "/home/andrew/source", path = "/.Trash-1000", fpath = "/home/andrew/source/.Trash-1000"
	ERROR bb_getattr lstat: No such file or directory
    st_dev = 0
    st_ino = 0
    st_mode = 00
    st_nlink = 0
    st_uid = 0
    st_gid = 0
    st_rdev = 0
    st_size = 0
    st_blksize = 0
    st_blocks = 0
    st_atime = 0x00000000
    st_mtime = 0x00000000
    st_ctime = 0x00000000

bb_getattr(path="/.xdg-volume-info", statbuf=0xb77891d0)

Indiced Diff: 16

Fixed Path: /.xdg-volume-info/, Year: 0, Month: 0, Day: 0
	ERROR bb_getattr lstat: Success
	bb_fullpath:  rootdir = "/home/andrew/source", path = "/.xdg-volume-info", fpath = "/home/andrew/source/.xdg-volume-info"
	ERROR bb_getattr lstat: No such file or directory
    st_dev = 0
    st_ino = 0
    st_mode = 00
    st_nlink = 0
    st_uid = 0
    st_gid = 0
    st_rdev = 0
    st_size = 0
    st_blksize = 0
    st_blocks = 0
    st_atime = 0x00000000
    st_mtime = 0x00000000
    st_ctime = 0x00000000

bb_getattr(path="/autorun.inf", statbuf=0xb67431d0)

Indiced Diff: 11

Fixed Path: /autorun.inf/, Year: 0, Month: 0, Day: 0
	ERROR bb_getattr lstat: Success
	bb_fullpath:  rootdir = "/home/andrew/source", path = "/autorun.inf", fpath = "/home/andrew/source/autorun.inf"
	ERROR bb_getattr lstat: No such file or directory
    st_dev = 0
    st_ino = 0
    st_mode = 00
    st_nlink = 0
    st_uid = 0
    st_gid = 0
    st_rdev = 0
    st_size = 0
    st_blksize = 0
    st_blocks = 0
    st_atime = 0x00000000
    st_mtime = 0x00000000
    st_ctime = 0x00000000

Indiced Diff: 0

Fixed Path: //, Year: 0, Month: 0, Day: 0
	ERROR BB dir doesn't exist: No such file or directory

bb_readdir(path="/", buf=0x088c8298, filler=0x00d15d60, offset=0, fi=0xb6f661f0)
calling filler with name .
calling filler with name hello
calling filler with name ..
    flags = 0x00000000
    fh_old = 0x088ebaa0
    writepage = 0
    direct_io = 0
    keep_cache = 0
    fh = 0x00000000088ebaa0
    lock_owner = 0x0000000000000000

bb_releasedir(path="/", fi=0xb7789200)
    flags = 0x00000000
    fh_old = 0x088ebaa0
    writepage = 0
    direct_io = 0
    keep_cache = 0
    fh = 0x00000000088ebaa0
    lock_owner = 0x0000000000000000

Indiced Diff: 0

Fixed Path: //, Year: 0, Month: 0, Day: 0
	ERROR bb_getattr lstat: No such file or directory

bb_opendir(path="/", fi=0xb6743200)
	bb_fullpath:  rootdir = "/home/andrew/source", path = "/", fpath = "/home/andrew/source/"
    flags = 0x00098800
    fh_old = 0x00000000
    writepage = 0
    direct_io = 0
    keep_cache = 0
    fh = 0x00000000088ebaa0
    lock_owner = 0x0000000000000000

Indiced Diff: 0

Fixed Path: //, Year: 0, Month: 0, Day: 0
	ERROR bb_getattr lstat: No such file or directory

bb_opendir(path="/", fi=0xb6f66200)
	bb_fullpath:  rootdir = "/home/andrew/source", path = "/", fpath = "/home/andrew/source/"
    flags = 0x00098800
    fh_old = 0x00000000
    writepage = 0
    direct_io = 0
    keep_cache = 0
    fh = 0x00000000088f3ac0
    lock_owner = 0x0000000000000000

Indiced Diff: 0

Fixed Path: //, Year: 0, Month: 0, Day: 0
	ERROR bb_getattr lstat: No such file or directory

bb_opendir(path="/", fi=0xb7789200)
	bb_fullpath:  rootdir = "/home/andrew/source", path = "/", fpath = "/home/andrew/source/"
    flags = 0x00098800
    fh_old = 0x00000000
    writepage = 0
    direct_io = 0
    keep_cache = 0
    fh = 0x00000000088fbae0
    lock_owner = 0x0000000000000000

Indiced Diff: 0

Fixed Path: //, Year: 0, Month: 0, Day: 0
	ERROR bb_getattr lstat: No such file or directory

bb_opendir(path="/", fi=0xb6743200)
	bb_fullpath:  rootdir = "/home/andrew/source", path = "/", fpath = "/home/andrew/source/"
    flags = 0x00098800
    fh_old = 0x00000000
    writepage = 0
    direct_io = 0
    keep_cache = 0
    fh = 0x0000000008903b00
    lock_owner = 0x0000000000000000

Indiced Diff: 0

Fixed Path: //, Year: 0, Month: 0, Day: 0
	ERROR bb_getattr lstat: No such file or directory

bb_opendir(path="/", fi=0xb6f66200)
	bb_fullpath:  rootdir = "/home/andrew/source", path = "/", fpath = "/home/andrew/source/"
    flags = 0x00098800
    fh_old = 0x00000000
    writepage = 0
    direct_io = 0
    keep_cache = 0
    fh = 0x000000000890bb20
    lock_owner = 0x0000000000000000

Indiced Diff: 0

Fixed Path: //, Year: 0, Month: 0, Day: 0
	ERROR bb_getattr lstat: No such file or directory

bb_opendir(path="/", fi=0xb7789200)
	bb_fullpath:  rootdir = "/home/andrew/source", path = "/", fpath = "/home/andrew/source/"
    flags = 0x00098800
    fh_old = 0x00000000
    writepage = 0
    direct_io = 0
    keep_cache = 0
    fh = 0x0000000008913b40
    lock_owner = 0x0000000000000000

Indiced Diff: 0

Fixed Path: //, Year: 0, Month: 0, Day: 0
	ERROR bb_getattr lstat: No such file or directory

bb_opendir(path="/", fi=0xb6743200)
	bb_fullpath:  rootdir = "/home/andrew/source", path = "/", fpath = "/home/andrew/source/"
    flags = 0x00098800
    fh_old = 0x00000000
    writepage = 0
    direct_io = 0
    keep_cache = 0
    fh = 0x000000000891bb60
    lock_owner = 0x0000000000000000

Indiced Diff: 0

Fixed Path: //, Year: 0, Month: 0, Day: 0
	ERROR bb_getattr lstat: No such file or directory

bb_opendir(path="/", fi=0xb6f66200)
	bb_fullpath:  rootdir = "/home/andrew/source", path = "/", fpath = "/home/andrew/source/"
    flags = 0x00098800
    fh_old = 0x00000000
    writepage = 0
    direct_io = 0
    keep_cache = 0
    fh = 0x0000000008923b80
    lock_owner = 0x0000000000000000

Indiced Diff: 0

Fixed Path: //, Year: 0, Month: 0, Day: 0
	ERROR bb_getattr lstat: No such file or directory

bb_opendir(path="/", fi=0xb7789200)
	bb_fullpath:  rootdir = "/home/andrew/source", path = "/", fpath = "/home/andrew/source/"
    flags = 0x00098800
    fh_old = 0x00000000
    writepage = 0
    direct_io = 0
    keep_cache = 0
    fh = 0x000000000892bba0
    lock_owner = 0x0000000000000000

Indiced Diff: 0

Fixed Path: //, Year: 0, Month: 0, Day: 0
	ERROR bb_getattr lstat: No such file or directory

bb_opendir(path="/", fi=0xb6743200)
	bb_fullpath:  rootdir = "/home/andrew/source", path = "/", fpath = "/home/andrew/source/"
    flags = 0x00098800
    fh_old = 0x00000000
    writepage = 0
    direct_io = 0
    keep_cache = 0
    fh = 0x0000000008933bc0
    lock_owner = 0x0000000000000000

Indiced Diff: 0

Fixed Path: //, Year: 0, Month: 0, Day: 0
	ERROR bb_getattr lstat: No such file or directory

bb_opendir(path="/", fi=0xb6f66200)
	bb_fullpath:  rootdir = "/home/andrew/source", path = "/", fpath = "/home/andrew/source/"
    flags = 0x00098800
    fh_old = 0x00000000
    writepage = 0
    direct_io = 0
    keep_cache = 0
    fh = 0x000000000893bbe0
    lock_owner = 0x0000000000000000

Indiced Diff: 0

Fixed Path: //, Year: 0, Month: 0, Day: 0
	ERROR bb_getattr lstat: No such file or directory

bb_opendir(path="/", fi=0xb7789200)
	bb_fullpath:  rootdir = "/home/andrew/source", path = "/", fpath = "/home/andrew/source/"
    flags = 0x00098800
    fh_old = 0x00000000
    writepage = 0
    direct_io = 0
    keep_cache = 0
    fh = 0x0000000008943c00
    lock_owner = 0x0000000000000000

Indiced Diff: 0

Fixed Path: //, Year: 0, Month: 0, Day: 0
	ERROR bb_getattr lstat: No such file or directory

bb_opendir(path="/", fi=0xb6743200)
	bb_fullpath:  rootdir = "/home/andrew/source", path = "/", fpath = "/home/andrew/source/"
    flags = 0x00098800
    fh_old = 0x00000000
    writepage = 0
    direct_io = 0
    keep_cache = 0
    fh = 0x000000000894bc20
    lock_owner = 0x0000000000000000

Indiced Diff: 0

Fixed Path: //, Year: 0, Month: 0, Day: 0
	ERROR bb_getattr lstat: No such file or directory

bb_opendir(path="/", fi=0xb6f66200)
	bb_fullpath:  rootdir = "/home/andrew/source", path = "/", fpath = "/home/andrew/source/"
    flags = 0x00098800
    fh_old = 0x00000000
    writepage = 0
    direct_io = 0
    keep_cache = 0
    fh = 0x0000000008953c40
    lock_owner = 0x0000000000000000

Indiced Diff: 0

Fixed Path: //, Year: 0, Month: 0, Day: 0
	ERROR bb_getattr lstat: No such file or directory

bb_opendir(path="/", fi=0xb7789200)
	bb_fullpath:  rootdir = "/home/andrew/source", path = "/", fpath = "/home/andrew/source/"
    flags = 0x00098800
    fh_old = 0x00000000
    writepage = 0
    direct_io = 0
    keep_cache = 0
    fh = 0x000000000895bc60
    lock_owner = 0x0000000000000000

Indiced Diff: 0

Fixed Path: //, Year: 0, Month: 0, Day: 0
	ERROR bb_getattr lstat: No such file or directory

bb_opendir(path="/", fi=0xb6743200)
	bb_fullpath:  rootdir = "/home/andrew/source", path = "/", fpath = "/home/andrew/source/"
    flags = 0x00098800
    fh_old = 0x00000000
    writepage = 0
    direct_io = 0
    keep_cache = 0
    fh = 0x0000000008963c80
    lock_owner = 0x0000000000000000

Indiced Diff: 0

Fixed Path: //, Year: 0, Month: 0, Day: 0
	ERROR bb_getattr lstat: No such file or directory

bb_opendir(path="/", fi=0xb6f66200)
	bb_fullpath:  rootdir = "/home/andrew/source", path = "/", fpath = "/home/andrew/source/"
    flags = 0x00098800
    fh_old = 0x00000000
    writepage = 0
    direct_io = 0
    keep_cache = 0
    fh = 0x000000000896bca0
    lock_owner = 0x0000000000000000

Indiced Diff: 0

Fixed Path: //, Year: 0, Month: 0, Day: 0
	ERROR bb_getattr lstat: No such file or directory

bb_opendir(path="/", fi=0xb7789200)
	bb_fullpath:  rootdir = "/home/andrew/source", path = "/", fpath = "/home/andrew/source/"
    flags = 0x00098800
    fh_old = 0x00000000
    writepage = 0
    direct_io = 0
    keep_cache = 0
    fh = 0x0000000008973cc0
    lock_owner = 0x0000000000000000

bb_getattr(path="/autorun.inf", statbuf=0xb67431d0)

Indiced Diff: 11

Fixed Path: /autorun.inf/, Year: 0, Month: 0, Day: 0
	ERROR bb_getattr lstat: No such file or directory
	bb_fullpath:  rootdir = "/home/andrew/source", path = "/autorun.inf", fpath = "/home/andrew/source/autorun.inf"
	ERROR bb_getattr lstat: No such file or directory
    st_dev = 0
    st_ino = 0
    st_mode = 00
    st_nlink = 0
    st_uid = 0
    st_gid = 0
    st_rdev = 0
    st_size = 0
    st_blksize = 0
    st_blocks = 0
    st_atime = 0x00000000
    st_mtime = 0x00000000
    st_ctime = 0x00000000

bb_getattr(path="/2010", statbuf=0xb6f661d0)

Indiced Diff: 4

Year is good

Month string: 

Fixed Path: /2010/, Year: 110, Month: -1, Day: 0

bb_getattr(path="/2010/jan", statbuf=0xb77891d0)

Indiced Diff: 4

Year is good

Month string: jan

Fixed Path: /2010/jan/, Year: 110, Month: 0, Day: -1

Indiced Diff: 4

Year is good

Month string: jan

Fixed Path: /2010/jan/, Year: 110, Month: 0, Day: -1

Indiced Diff: 4

Year is good

Month string: jan

Fixed Path: /2010/jan/, Year: 110, Month: 0, Day: -1
Month: 0, Day: 2
Month: 0, Day: 3
Month: 0, Day: 4
Month: 0, Day: 5
Month: 0, Day: 6
Month: 0, Day: 7
Month: 0, Day: 8
Month: 0, Day: 9
Month: 0, Day: 10
Month: 0, Day: 11
Month: 0, Day: 12
Month: 0, Day: 13
Month: 0, Day: 14
Month: 0, Day: 15
Month: 0, Day: 16
Month: 0, Day: 17
Month: 0, Day: 18
Month: 0, Day: 19
Month: 0, Day: 20
Month: 0, Day: 21
Month: 0, Day: 22
Month: 0, Day: 23
Month: 0, Day: 24
Month: 0, Day: 25
Month: 0, Day: 26
Month: 0, Day: 27
Month: 0, Day: 28
Month: 0, Day: 29
Month: 0, Day: 30
Month: 0, Day: 31
Month: 1, Day: 1
Right Here
Here
Right Here
Here
Right Here
Here
Right Here
Here
Right Here
Here
Right Here
Here
Right Here
Here
Right Here
Here
Right Here
Here
Right Here
Here
Right Here
Here
Right Here
Here
Right Here
Here
Right Here
Here
Right Here
Here
Right Here
Here
Right Here
Here
Right Here
Here
Right Here
Here
Right Here
Here
Right Here
Here
Right Here
Here
Right Here
Here
Right Here
Here
Right Here
Here
Right Here
Here
Right Here
Here
Right Here
Here
Right Here
Here
Right Here
Here
Right Here
Here

bb_getattr(path="/2010/jan/01", statbuf=0xb77891d0)

Indiced Diff: 4

Year is good

Month string: jan

Fixed Path: /2010/jan/01/, Year: 110, Month: 0, Day: 1

bb_getattr(path="/2010/jan/02", statbuf=0xb67431d0)

Indiced Diff: 4

Year is good

Month string: jan

Fixed Path: /2010/jan/02/, Year: 110, Month: 0, Day: 2

bb_getattr(path="/2010/jan/03", statbuf=0xb6f661d0)

Indiced Diff: 4

Year is good

Month string: jan

Fixed Path: /2010/jan/03/, Year: 110, Month: 0, Day: 3

bb_getattr(path="/2010/jan/04", statbuf=0xb77891d0)

Indiced Diff: 4

Year is good

Month string: jan

Fixed Path: /2010/jan/04/, Year: 110, Month: 0, Day: 4

bb_getattr(path="/2010/jan/05", statbuf=0xb67431d0)

Indiced Diff: 4

Year is good

Month string: jan

Fixed Path: /2010/jan/05/, Year: 110, Month: 0, Day: 5

bb_getattr(path="/2010/jan/06", statbuf=0xb6f661d0)

Indiced Diff: 4

Year is good

Month string: jan

Fixed Path: /2010/jan/06/, Year: 110, Month: 0, Day: 6

bb_getattr(path="/2010/jan/07", statbuf=0xb77891d0)

Indiced Diff: 4

Year is good

Month string: jan

Fixed Path: /2010/jan/07/, Year: 110, Month: 0, Day: 7

bb_getattr(path="/2010/jan/08", statbuf=0xb67431d0)

Indiced Diff: 4

Year is good

Month string: jan

Fixed Path: /2010/jan/08/, Year: 110, Month: 0, Day: 8

bb_getattr(path="/2010/jan/09", statbuf=0xb6f661d0)

Indiced Diff: 4

Year is good

Month string: jan

Fixed Path: /2010/jan/09/, Year: 110, Month: 0, Day: 9

bb_getattr(path="/2010/jan/10", statbuf=0xb77891d0)

Indiced Diff: 4

Year is good

Month string: jan

Fixed Path: /2010/jan/10/, Year: 110, Month: 0, Day: 10

bb_getattr(path="/2010/jan/11", statbuf=0xb67431d0)

Indiced Diff: 4

Year is good

Month string: jan

Fixed Path: /2010/jan/11/, Year: 110, Month: 0, Day: 11

bb_getattr(path="/2010/jan/12", statbuf=0xb6f661d0)

Indiced Diff: 4

Year is good

Month string: jan

Fixed Path: /2010/jan/12/, Year: 110, Month: 0, Day: 12

bb_getattr(path="/2010/jan/13", statbuf=0xb77891d0)

Indiced Diff: 4

Year is good

Month string: jan

Fixed Path: /2010/jan/13/, Year: 110, Month: 0, Day: 13

bb_getattr(path="/2010/jan/14", statbuf=0xb67431d0)

Indiced Diff: 4

Year is good

Month string: jan

Fixed Path: /2010/jan/14/, Year: 110, Month: 0, Day: 14

bb_getattr(path="/2010/jan/15", statbuf=0xb6f661d0)

Indiced Diff: 4

Year is good

Month string: jan

Fixed Path: /2010/jan/15/, Year: 110, Month: 0, Day: 15

bb_getattr(path="/2010/jan/16", statbuf=0xb77891d0)

Indiced Diff: 4

Year is good

Month string: jan

Fixed Path: /2010/jan/16/, Year: 110, Month: 0, Day: 16

bb_getattr(path="/2010/jan/17", statbuf=0xb67431d0)

Indiced Diff: 4

Year is good

Month string: jan

Fixed Path: /2010/jan/17/, Year: 110, Month: 0, Day: 17

bb_getattr(path="/2010/jan/18", statbuf=0xb6f661d0)

Indiced Diff: 4

Year is good

Month string: jan

Fixed Path: /2010/jan/18/, Year: 110, Month: 0, Day: 18

bb_getattr(path="/2010/jan/19", statbuf=0xb77891d0)

Indiced Diff: 4

Year is good

Month string: jan

Fixed Path: /2010/jan/19/, Year: 110, Month: 0, Day: 19

bb_getattr(path="/2010/jan/20", statbuf=0xb67431d0)

Indiced Diff: 4

Year is good

Month string: jan

Fixed Path: /2010/jan/20/, Year: 110, Month: 0, Day: 20

bb_getattr(path="/2010/jan/21", statbuf=0xb6f661d0)

Indiced Diff: 4

Year is good

Month string: jan

Fixed Path: /2010/jan/21/, Year: 110, Month: 0, Day: 21

bb_getattr(path="/2010/jan/22", statbuf=0xb77891d0)

Indiced Diff: 4

Year is good

Month string: jan

Fixed Path: /2010/jan/22/, Year: 110, Month: 0, Day: 22

bb_getattr(path="/2010/jan/23", statbuf=0xb67431d0)

Indiced Diff: 4

Year is good

Month string: jan

Fixed Path: /2010/jan/23/, Year: 110, Month: 0, Day: 23

bb_getattr(path="/2010/jan/24", statbuf=0xb6f661d0)

Indiced Diff: 4

Year is good

Month string: jan

Fixed Path: /2010/jan/24/, Year: 110, Month: 0, Day: 24

bb_getattr(path="/2010/jan/25", statbuf=0xb77891d0)

Indiced Diff: 4

Year is good

Month string: jan

Fixed Path: /2010/jan/25/, Year: 110, Month: 0, Day: 25

bb_getattr(path="/2010/jan/26", statbuf=0xb67431d0)

Indiced Diff: 4

Year is good

Month string: jan

Fixed Path: /2010/jan/26/, Year: 110, Month: 0, Day: 26

bb_getattr(path="/2010/jan/27", statbuf=0xb6f661d0)

Indiced Diff: 4

Year is good

Month string: jan

Fixed Path: /2010/jan/27/, Year: 110, Month: 0, Day: 27

bb_getattr(path="/2010/jan/28", statbuf=0xb77891d0)

Indiced Diff: 4

Year is good

Month string: jan

Fixed Path: /2010/jan/28/, Year: 110, Month: 0, Day: 28

bb_getattr(path="/2010/jan/29", statbuf=0xb67431d0)

Indiced Diff: 4

Year is good

Month string: jan

Fixed Path: /2010/jan/29/, Year: 110, Month: 0, Day: 29

bb_getattr(path="/2010/jan/30", statbuf=0xb6f661d0)

Indiced Diff: 4

Year is good

Month string: jan

Fixed Path: /2010/jan/30/, Year: 110, Month: 0, Day: 30

bb_getattr(path="/2010/jan/31", statbuf=0xb77891d0)

Indiced Diff: 4

Year is good

Month string: jan

Fixed Path: /2010/jan/31/, Year: 110, Month: 0, Day: 31

bb_releasedir(path="/2010/jan", fi=0xb6f66200)
    flags = 0x00000000
    fh_old = 0x00000000
    writepage = 0
    direct_io = 0
    keep_cache = 0
    fh = 0x0000000000000000
    lock_owner = 0x0000000000000000

bb_getattr(path="/2010", statbuf=0xb77891d0)

Indiced Diff: 4

Year is good

Month string: 

Fixed Path: /2010/, Year: 110, Month: -1, Day: 0

bb_getattr(path="/2010/feb", statbuf=0xb67431d0)

Indiced Diff: 4

Year is good

Month string: feb

Fixed Path: /2010/feb/, Year: 110, Month: 1, Day: -1

Indiced Diff: 4

Year is good

Month string: feb

Fixed Path: /2010/feb/, Year: 110, Month: 1, Day: -1

Indiced Diff: 4

Year is good

Month string: feb

Fixed Path: /2010/feb/, Year: 110, Month: 1, Day: -1
Month: 1, Day: 2
Month: 1, Day: 3
Month: 1, Day: 4
Month: 1, Day: 5
Month: 1, Day: 6
Month: 1, Day: 7
Month: 1, Day: 8
Month: 1, Day: 9
Month: 1, Day: 10
Month: 1, Day: 11
Month: 1, Day: 12
Month: 1, Day: 13
Month: 1, Day: 14
Month: 1, Day: 15
Month: 1, Day: 16
Month: 1, Day: 17
Month: 1, Day: 18
Month: 1, Day: 19
Month: 1, Day: 20
Month: 1, Day: 21
Month: 1, Day: 22
Month: 1, Day: 23
Month: 1, Day: 24
Month: 1, Day: 25
Month: 1, Day: 26
Month: 1, Day: 27
Month: 1, Day: 28
Month: 2, Day: 1
Right Here
Here
Right Here
Here
Right Here
Here
Right Here
Here
Right Here
Here
Right Here
Here
Right Here
Here
Right Here
Here
Right Here
Here
Right Here
Here
Right Here
Here
Right Here
Here
Right Here
Here
Right Here
Here
Right Here
Here
Right Here
Here
Right Here
Here
Right Here
Here
Right Here
Here
Right Here
Here
Right Here
Here
Right Here
Here
Right Here
Here
Right Here
Here
Right Here
Here
Right Here
Here
Right Here
Here
Right Here
Here

bb_getattr(path="/2010/feb/01", statbuf=0xb67431d0)

Indiced Diff: 4

Year is good

Month string: feb

Fixed Path: /2010/feb/01/, Year: 110, Month: 1, Day: 1

bb_getattr(path="/2010/feb/02", statbuf=0xb6f661d0)

Indiced Diff: 4

Year is good

Month string: feb

Fixed Path: /2010/feb/02/, Year: 110, Month: 1, Day: 2

bb_getattr(path="/2010/feb/03", statbuf=0xb77891d0)

Indiced Diff: 4

Year is good

Month string: feb

Fixed Path: /2010/feb/03/, Year: 110, Month: 1, Day: 3

bb_getattr(path="/2010/feb/04", statbuf=0xb67431d0)

Indiced Diff: 4

Year is good

Month string: feb

Fixed Path: /2010/feb/04/, Year: 110, Month: 1, Day: 4

bb_getattr(path="/2010/feb/05", statbuf=0xb6f661d0)

Indiced Diff: 4

Year is good

Month string: feb

Fixed Path: /2010/feb/05/, Year: 110, Month: 1, Day: 5

bb_getattr(path="/2010/feb/06", statbuf=0xb77891d0)

Indiced Diff: 4

Year is good

Month string: feb

Fixed Path: /2010/feb/06/, Year: 110, Month: 1, Day: 6

bb_getattr(path="/2010/feb/07", statbuf=0xb67431d0)

Indiced Diff: 4

Year is good

Month string: feb

Fixed Path: /2010/feb/07/, Year: 110, Month: 1, Day: 7

bb_getattr(path="/2010/feb/08", statbuf=0xb6f661d0)

Indiced Diff: 4

Year is good

Month string: feb

Fixed Path: /2010/feb/08/, Year: 110, Month: 1, Day: 8

bb_getattr(path="/2010/feb/09", statbuf=0xb77891d0)

Indiced Diff: 4

Year is good

Month string: feb

Fixed Path: /2010/feb/09/, Year: 110, Month: 1, Day: 9

bb_getattr(path="/2010/feb/10", statbuf=0xb67431d0)

Indiced Diff: 4

Year is good

Month string: feb

Fixed Path: /2010/feb/10/, Year: 110, Month: 1, Day: 10

bb_getattr(path="/2010/feb/11", statbuf=0xb6f661d0)

Indiced Diff: 4

Year is good

Month string: feb

Fixed Path: /2010/feb/11/, Year: 110, Month: 1, Day: 11

bb_getattr(path="/2010/feb/12", statbuf=0xb77891d0)

Indiced Diff: 4

Year is good

Month string: feb

Fixed Path: /2010/feb/12/, Year: 110, Month: 1, Day: 12

bb_getattr(path="/2010/feb/13", statbuf=0xb67431d0)

Indiced Diff: 4

Year is good

Month string: feb

Fixed Path: /2010/feb/13/, Year: 110, Month: 1, Day: 13

bb_getattr(path="/2010/feb/14", statbuf=0xb6f661d0)

Indiced Diff: 4

Year is good

Month string: feb

Fixed Path: /2010/feb/14/, Year: 110, Month: 1, Day: 14

bb_getattr(path="/2010/feb/15", statbuf=0xb77891d0)

Indiced Diff: 4

Year is good

Month string: feb

Fixed Path: /2010/feb/15/, Year: 110, Month: 1, Day: 15

bb_getattr(path="/2010/feb/16", statbuf=0xb67431d0)

Indiced Diff: 4

Year is good

Month string: feb

Fixed Path: /2010/feb/16/, Year: 110, Month: 1, Day: 16

bb_getattr(path="/2010/feb/17", statbuf=0xb6f661d0)

Indiced Diff: 4

Year is good

Month string: feb

Fixed Path: /2010/feb/17/, Year: 110, Month: 1, Day: 17

bb_getattr(path="/2010/feb/18", statbuf=0xb77891d0)

Indiced Diff: 4

Year is good

Month string: feb

Fixed Path: /2010/feb/18/, Year: 110, Month: 1, Day: 18

bb_getattr(path="/2010/feb/19", statbuf=0xb67431d0)

Indiced Diff: 4

Year is good

Month string: feb

Fixed Path: /2010/feb/19/, Year: 110, Month: 1, Day: 19

bb_getattr(path="/2010/feb/20", statbuf=0xb6f661d0)

Indiced Diff: 4

Year is good

Month string: feb

Fixed Path: /2010/feb/20/, Year: 110, Month: 1, Day: 20

bb_getattr(path="/2010/feb/21", statbuf=0xb77891d0)

Indiced Diff: 4

Year is good

Month string: feb

Fixed Path: /2010/feb/21/, Year: 110, Month: 1, Day: 21

bb_getattr(path="/2010/feb/22", statbuf=0xb67431d0)

Indiced Diff: 4

Year is good

Month string: feb

Fixed Path: /2010/feb/22/, Year: 110, Month: 1, Day: 22

bb_getattr(path="/2010/feb/23", statbuf=0xb6f661d0)

Indiced Diff: 4

Year is good

Month string: feb

Fixed Path: /2010/feb/23/, Year: 110, Month: 1, Day: 23

bb_getattr(path="/2010/feb/24", statbuf=0xb77891d0)

Indiced Diff: 4

Year is good

Month string: feb

Fixed Path: /2010/feb/24/, Year: 110, Month: 1, Day: 24

bb_getattr(path="/2010/feb/25", statbuf=0xb67431d0)

Indiced Diff: 4

Year is good

Month string: feb

Fixed Path: /2010/feb/25/, Year: 110, Month: 1, Day: 25

bb_getattr(path="/2010/feb/26", statbuf=0xb6f661d0)

Indiced Diff: 4

Year is good

Month string: feb

Fixed Path: /2010/feb/26/, Year: 110, Month: 1, Day: 26

bb_getattr(path="/2010/feb/27", statbuf=0xb77891d0)

Indiced Diff: 4

Year is good

Month string: feb

Fixed Path: /2010/feb/27/, Year: 110, Month: 1, Day: 27

bb_getattr(path="/2010/feb/28", statbuf=0xb67431d0)

Indiced Diff: 4

Year is good

Month string: feb

Fixed Path: /2010/feb/28/, Year: 110, Month: 1, Day: 28

bb_releasedir(path="/2010/feb", fi=0xb7789200)
    flags = 0x00000000
    fh_old = 0x00000000
    writepage = 0
    direct_io = 0
    keep_cache = 0
    fh = 0x0000000000000000
    lock_owner = 0x0000000000000000

bb_getattr(path="/2010", statbuf=0xb67431d0)

Indiced Diff: 4

Year is good

Month string: 

Fixed Path: /2010/, Year: 110, Month: -1, Day: 0

bb_getattr(path="/2010/mar", statbuf=0xb6f661d0)

Indiced Diff: 4

Year is good

Month string: mar

Fixed Path: /2010/mar/, Year: 110, Month: 2, Day: -1

Indiced Diff: 4

Year is good

Month string: mar

Fixed Path: /2010/mar/, Year: 110, Month: 2, Day: -1

Indiced Diff: 4

Year is good

Month string: mar

Fixed Path: /2010/mar/, Year: 110, Month: 2, Day: -1
Month: 2, Day: 2
Month: 2, Day: 3
Month: 2, Day: 4
Month: 2, Day: 5
Month: 2, Day: 6
Month: 2, Day: 7
Month: 2, Day: 8
Month: 2, Day: 9
Month: 2, Day: 10
Month: 2, Day: 11
Month: 2, Day: 12
Month: 2, Day: 13
Month: 2, Day: 14
Month: 2, Day: 15
Month: 2, Day: 16
Month: 2, Day: 17
Month: 2, Day: 18
Month: 2, Day: 19
Month: 2, Day: 20
Month: 2, Day: 21
Month: 2, Day: 22
Month: 2, Day: 23
Month: 2, Day: 24
Month: 2, Day: 25
Month: 2, Day: 26
Month: 2, Day: 27
Month: 2, Day: 28
Month: 2, Day: 29
Month: 2, Day: 30
Month: 2, Day: 31
Month: 3, Day: 1
Right Here
Here
Right Here
Here
Right Here
Here
Right Here
Here
Right Here
Here
Right Here
Here
Right Here
Here
Right Here
Here
Right Here
Here
Right Here
Here
Right Here
Here
Right Here
Here
Right Here
Here
Right Here
Here
Right Here
Here
Right Here
Here
Right Here
Here
Right Here
Here
Right Here
Here
Right Here
Here
Right Here
Here
Right Here
Here
Right Here
Here
Right Here
Here
Right Here
Here
Right Here
Here
Right Here
Here
Right Here
Here
Right Here
Here
Right Here
Here
Right Here
Here

bb_getattr(path="/2010/mar/01", statbuf=0xb6f661d0)

Indiced Diff: 4

Year is good

Month string: mar

Fixed Path: /2010/mar/01/, Year: 110, Month: 2, Day: 1

bb_getattr(path="/2010/mar/02", statbuf=0xb77891d0)

Indiced Diff: 4

Year is good

Month string: mar

Fixed Path: /2010/mar/02/, Year: 110, Month: 2, Day: 2

bb_getattr(path="/2010/mar/03", statbuf=0xb67431d0)

Indiced Diff: 4

Year is good

Month string: mar

Fixed Path: /2010/mar/03/, Year: 110, Month: 2, Day: 3

bb_getattr(path="/2010/mar/04", statbuf=0xb6f661d0)

Indiced Diff: 4

Year is good

Month string: mar

Fixed Path: /2010/mar/04/, Year: 110, Month: 2, Day: 4

bb_getattr(path="/2010/mar/05", statbuf=0xb77891d0)

Indiced Diff: 4

Year is good

Month string: mar

Fixed Path: /2010/mar/05/, Year: 110, Month: 2, Day: 5

bb_getattr(path="/2010/mar/06", statbuf=0xb67431d0)

Indiced Diff: 4

Year is good

Month string: mar

Fixed Path: /2010/mar/06/, Year: 110, Month: 2, Day: 6

bb_getattr(path="/2010/mar/07", statbuf=0xb6f661d0)

Indiced Diff: 4

Year is good

Month string: mar

Fixed Path: /2010/mar/07/, Year: 110, Month: 2, Day: 7

bb_getattr(path="/2010/mar/08", statbuf=0xb77891d0)

Indiced Diff: 4

Year is good

Month string: mar

Fixed Path: /2010/mar/08/, Year: 110, Month: 2, Day: 8

bb_getattr(path="/2010/mar/09", statbuf=0xb67431d0)

Indiced Diff: 4

Year is good

Month string: mar

Fixed Path: /2010/mar/09/, Year: 110, Month: 2, Day: 9

bb_getattr(path="/2010/mar/10", statbuf=0xb6f661d0)

Indiced Diff: 4

Year is good

Month string: mar

Fixed Path: /2010/mar/10/, Year: 110, Month: 2, Day: 10

bb_getattr(path="/2010/mar/11", statbuf=0xb77891d0)

Indiced Diff: 4

Year is good

Month string: mar

Fixed Path: /2010/mar/11/, Year: 110, Month: 2, Day: 11

bb_getattr(path="/2010/mar/12", statbuf=0xb67431d0)

Indiced Diff: 4

Year is good

Month string: mar

Fixed Path: /2010/mar/12/, Year: 110, Month: 2, Day: 12

bb_getattr(path="/2010/mar/13", statbuf=0xb6f661d0)

Indiced Diff: 4

Year is good

Month string: mar

Fixed Path: /2010/mar/13/, Year: 110, Month: 2, Day: 13

bb_getattr(path="/2010/mar/14", statbuf=0xb77891d0)

Indiced Diff: 4

Year is good

Month string: mar

Fixed Path: /2010/mar/14/, Year: 110, Month: 2, Day: 14

bb_getattr(path="/2010/mar/15", statbuf=0xb67431d0)

Indiced Diff: 4

Year is good

Month string: mar

Fixed Path: /2010/mar/15/, Year: 110, Month: 2, Day: 15

bb_getattr(path="/2010/mar/16", statbuf=0xb6f661d0)

Indiced Diff: 4

Year is good

Month string: mar

Fixed Path: /2010/mar/16/, Year: 110, Month: 2, Day: 16

bb_getattr(path="/2010/mar/17", statbuf=0xb77891d0)

Indiced Diff: 4

Year is good

Month string: mar

Fixed Path: /2010/mar/17/, Year: 110, Month: 2, Day: 17

bb_getattr(path="/2010/mar/18", statbuf=0xb67431d0)

Indiced Diff: 4

Year is good

Month string: mar

Fixed Path: /2010/mar/18/, Year: 110, Month: 2, Day: 18

bb_getattr(path="/2010/mar/19", statbuf=0xb6f661d0)

Indiced Diff: 4

Year is good

Month string: mar

Fixed Path: /2010/mar/19/, Year: 110, Month: 2, Day: 19

bb_getattr(path="/2010/mar/20", statbuf=0xb77891d0)

Indiced Diff: 4

Year is good

Month string: mar

Fixed Path: /2010/mar/20/, Year: 110, Month: 2, Day: 20

bb_getattr(path="/2010/mar/21", statbuf=0xb67431d0)

Indiced Diff: 4

Year is good

Month string: mar

Fixed Path: /2010/mar/21/, Year: 110, Month: 2, Day: 21

bb_getattr(path="/2010/mar/22", statbuf=0xb6f661d0)

Indiced Diff: 4

Year is good

Month string: mar

Fixed Path: /2010/mar/22/, Year: 110, Month: 2, Day: 22

bb_getattr(path="/2010/mar/23", statbuf=0xb77891d0)

Indiced Diff: 4

Year is good

Month string: mar

Fixed Path: /2010/mar/23/, Year: 110, Month: 2, Day: 23

bb_getattr(path="/2010/mar/24", statbuf=0xb67431d0)

Indiced Diff: 4

Year is good

Month string: mar

Fixed Path: /2010/mar/24/, Year: 110, Month: 2, Day: 24

bb_getattr(path="/2010/mar/25", statbuf=0xb6f661d0)

Indiced Diff: 4

Year is good

Month string: mar

Fixed Path: /2010/mar/25/, Year: 110, Month: 2, Day: 25

bb_getattr(path="/2010/mar/26", statbuf=0xb77891d0)

Indiced Diff: 4

Year is good

Month string: mar

Fixed Path: /2010/mar/26/, Year: 110, Month: 2, Day: 26

bb_getattr(path="/2010/mar/27", statbuf=0xb67431d0)

Indiced Diff: 4

Year is good

Month string: mar

Fixed Path: /2010/mar/27/, Year: 110, Month: 2, Day: 27

bb_getattr(path="/2010/mar/28", statbuf=0xb6f661d0)

Indiced Diff: 4

Year is good

Month string: mar

Fixed Path: /2010/mar/28/, Year: 110, Month: 2, Day: 28

bb_getattr(path="/2010/mar/29", statbuf=0xb77891d0)

Indiced Diff: 4

Year is good

Month string: mar

Fixed Path: /2010/mar/29/, Year: 110, Month: 2, Day: 29

bb_getattr(path="/2010/mar/30", statbuf=0xb67431d0)

Indiced Diff: 4

Year is good

Month string: mar

Fixed Path: /2010/mar/30/, Year: 110, Month: 2, Day: 30

bb_getattr(path="/2010/mar/31", statbuf=0xb6f661d0)

Indiced Diff: 4

Year is good

Month string: mar

Fixed Path: /2010/mar/31/, Year: 110, Month: 2, Day: 31

bb_releasedir(path="/2010/mar", fi=0xb6743200)
    flags = 0x00000000
    fh_old = 0x00000000
    writepage = 0
    direct_io = 0
    keep_cache = 0
    fh = 0x0000000000000000
    lock_owner = 0x0000000000000000

bb_getattr(path="/2010", statbuf=0xb6f661d0)

Indiced Diff: 4

Year is good

Month string: 

Fixed Path: /2010/, Year: 110, Month: -1, Day: 0

bb_getattr(path="/2010/dec", statbuf=0xb77891d0)

Indiced Diff: 4

Year is good

Month string: dec

Fixed Path: /2010/dec/, Year: 110, Month: 11, Day: -1

Indiced Diff: 4

Year is good

Month string: dec

Fixed Path: /2010/dec/, Year: 110, Month: 11, Day: -1

Indiced Diff: 4

Year is good

Month string: dec

Fixed Path: /2010/dec/, Year: 110, Month: 11, Day: -1
Month: 11, Day: 2
Month: 11, Day: 3
Month: 11, Day: 4
Month: 11, Day: 5
Month: 11, Day: 6
Month: 11, Day: 7
Month: 11, Day: 8
Month: 11, Day: 9
Month: 11, Day: 10
Month: 11, Day: 11
Month: 11, Day: 12
Month: 11, Day: 13
Month: 11, Day: 14
Month: 11, Day: 15
Month: 11, Day: 16
Month: 11, Day: 17
Month: 11, Day: 18
Month: 11, Day: 19
Month: 11, Day: 20
Month: 11, Day: 21
Month: 11, Day: 22
Month: 11, Day: 23
Month: 11, Day: 24
Month: 11, Day: 25
Month: 11, Day: 26
Month: 11, Day: 27
Month: 11, Day: 28
Month: 11, Day: 29
Month: 11, Day: 30
Month: 11, Day: 31
Month: 0, Day: 1
Right Here
Here
Right Here
Here
Right Here
Here
Right Here
Here
Right Here
Here
Right Here
Here
Right Here
Here
Right Here
Here
Right Here
Here
Right Here
Here
Right Here
Here
Right Here
Here
Right Here
Here
Right Here
Here
Right Here
Here
Right Here
Here
Right Here
Here
Right Here
Here
Right Here
Here
Right Here
Here
Right Here
Here
Right Here
Here
Right Here
Here
Right Here
Here
Right Here
Here
Right Here
Here
Right Here
Here
Right Here
Here
Right Here
Here
Right Here
Here
Right Here
Here

bb_getattr(path="/2010/dec/01", statbuf=0xb77891d0)

Indiced Diff: 4

Year is good

Month string: dec

Fixed Path: /2010/dec/01/, Year: 110, Month: 11, Day: 1

bb_getattr(path="/2010/dec/02", statbuf=0xb67431d0)

Indiced Diff: 4

Year is good

Month string: dec

Fixed Path: /2010/dec/02/, Year: 110, Month: 11, Day: 2

bb_getattr(path="/2010/dec/03", statbuf=0xb6f661d0)

Indiced Diff: 4

Year is good

Month string: dec

Fixed Path: /2010/dec/03/, Year: 110, Month: 11, Day: 3

bb_getattr(path="/2010/dec/04", statbuf=0xb77891d0)

Indiced Diff: 4

Year is good

Month string: dec

Fixed Path: /2010/dec/04/, Year: 110, Month: 11, Day: 4

bb_getattr(path="/2010/dec/05", statbuf=0xb67431d0)

Indiced Diff: 4

Year is good

Month string: dec

Fixed Path: /2010/dec/05/, Year: 110, Month: 11, Day: 5

bb_getattr(path="/2010/dec/06", statbuf=0xb6f661d0)

Indiced Diff: 4

Year is good

Month string: dec

Fixed Path: /2010/dec/06/, Year: 110, Month: 11, Day: 6

bb_getattr(path="/2010/dec/07", statbuf=0xb77891d0)

Indiced Diff: 4

Year is good

Month string: dec

Fixed Path: /2010/dec/07/, Year: 110, Month: 11, Day: 7

bb_getattr(path="/2010/dec/08", statbuf=0xb67431d0)

Indiced Diff: 4

Year is good

Month string: dec

Fixed Path: /2010/dec/08/, Year: 110, Month: 11, Day: 8

bb_getattr(path="/2010/dec/09", statbuf=0xb6f661d0)

Indiced Diff: 4

Year is good

Month string: dec

Fixed Path: /2010/dec/09/, Year: 110, Month: 11, Day: 9

bb_getattr(path="/2010/dec/10", statbuf=0xb77891d0)

Indiced Diff: 4

Year is good

Month string: dec

Fixed Path: /2010/dec/10/, Year: 110, Month: 11, Day: 10

bb_getattr(path="/2010/dec/11", statbuf=0xb67431d0)

Indiced Diff: 4

Year is good

Month string: dec

Fixed Path: /2010/dec/11/, Year: 110, Month: 11, Day: 11

bb_getattr(path="/2010/dec/12", statbuf=0xb6f661d0)

Indiced Diff: 4

Year is good

Month string: dec

Fixed Path: /2010/dec/12/, Year: 110, Month: 11, Day: 12

bb_getattr(path="/2010/dec/13", statbuf=0xb77891d0)

Indiced Diff: 4

Year is good

Month string: dec

Fixed Path: /2010/dec/13/, Year: 110, Month: 11, Day: 13

bb_getattr(path="/2010/dec/14", statbuf=0xb67431d0)

Indiced Diff: 4

Year is good

Month string: dec

Fixed Path: /2010/dec/14/, Year: 110, Month: 11, Day: 14

bb_getattr(path="/2010/dec/15", statbuf=0xb6f661d0)

Indiced Diff: 4

Year is good

Month string: dec

Fixed Path: /2010/dec/15/, Year: 110, Month: 11, Day: 15

bb_getattr(path="/2010/dec/16", statbuf=0xb77891d0)

Indiced Diff: 4

Year is good

Month string: dec

Fixed Path: /2010/dec/16/, Year: 110, Month: 11, Day: 16

bb_getattr(path="/2010/dec/17", statbuf=0xb67431d0)

Indiced Diff: 4

Year is good

Month string: dec

Fixed Path: /2010/dec/17/, Year: 110, Month: 11, Day: 17

bb_getattr(path="/2010/dec/18", statbuf=0xb6f661d0)

Indiced Diff: 4

Year is good

Month string: dec

Fixed Path: /2010/dec/18/, Year: 110, Month: 11, Day: 18

bb_getattr(path="/2010/dec/19", statbuf=0xb77891d0)

Indiced Diff: 4

Year is good

Month string: dec

Fixed Path: /2010/dec/19/, Year: 110, Month: 11, Day: 19

bb_getattr(path="/2010/dec/20", statbuf=0xb67431d0)

Indiced Diff: 4

Year is good

Month string: dec

Fixed Path: /2010/dec/20/, Year: 110, Month: 11, Day: 20

bb_getattr(path="/2010/dec/21", statbuf=0xb6f661d0)

Indiced Diff: 4

Year is good

Month string: dec

Fixed Path: /2010/dec/21/, Year: 110, Month: 11, Day: 21

bb_getattr(path="/2010/dec/22", statbuf=0xb77891d0)

Indiced Diff: 4

Year is good

Month string: dec

Fixed Path: /2010/dec/22/, Year: 110, Month: 11, Day: 22

bb_getattr(path="/2010/dec/23", statbuf=0xb67431d0)

Indiced Diff: 4

Year is good

Month string: dec

Fixed Path: /2010/dec/23/, Year: 110, Month: 11, Day: 23

bb_getattr(path="/2010/dec/24", statbuf=0xb6f661d0)

Indiced Diff: 4

Year is good

Month string: dec

Fixed Path: /2010/dec/24/, Year: 110, Month: 11, Day: 24

bb_getattr(path="/2010/dec/25", statbuf=0xb77891d0)

Indiced Diff: 4

Year is good

Month string: dec

Fixed Path: /2010/dec/25/, Year: 110, Month: 11, Day: 25

bb_getattr(path="/2010/dec/26", statbuf=0xb67431d0)

Indiced Diff: 4

Year is good

Month string: dec

Fixed Path: /2010/dec/26/, Year: 110, Month: 11, Day: 26

bb_getattr(path="/2010/dec/27", statbuf=0xb6f661d0)

Indiced Diff: 4

Year is good

Month string: dec

Fixed Path: /2010/dec/27/, Year: 110, Month: 11, Day: 27

bb_getattr(path="/2010/dec/28", statbuf=0xb77891d0)

Indiced Diff: 4

Year is good

Month string: dec

Fixed Path: /2010/dec/28/, Year: 110, Month: 11, Day: 28

bb_getattr(path="/2010/dec/29", statbuf=0xb67431d0)

Indiced Diff: 4

Year is good

Month string: dec

Fixed Path: /2010/dec/29/, Year: 110, Month: 11, Day: 29

bb_getattr(path="/2010/dec/30", statbuf=0xb6f661d0)

Indiced Diff: 4

Year is good

Month string: dec

Fixed Path: /2010/dec/30/, Year: 110, Month: 11, Day: 30

bb_getattr(path="/2010/dec/31", statbuf=0xb77891d0)

Indiced Diff: 4

Year is good

Month string: dec

Fixed Path: /2010/dec/31/, Year: 110, Month: 11, Day: 31

bb_releasedir(path="/2010/dec", fi=0xb6f66200)
    flags = 0x00000000
    fh_old = 0x00000000
    writepage = 0
    direct_io = 0
    keep_cache = 0
    fh = 0x0000000000000000
    lock_owner = 0x0000000000000000

bb_getattr(path="/2010", statbuf=0xb77891d0)

Indiced Diff: 4

Year is good

Month string: 

Fixed Path: /2010/, Year: 110, Month: -1, Day: 0

bb_getattr(path="/2010/dec", statbuf=0xb67431d0)

Indiced Diff: 4

Year is good

Month string: dec

Fixed Path: /2010/dec/, Year: 110, Month: 11, Day: -1

bb_getattr(path="/2010/dec/10", statbuf=0xb6f661d0)

Indiced Diff: 4

Year is good

Month string: dec

Fixed Path: /2010/dec/10/, Year: 110, Month: 11, Day: 10

Indiced Diff: 4

Year is good

Month string: dec

Fixed Path: /2010/dec/10/, Year: 110, Month: 11, Day: 10

Indiced Diff: 4

Year is good

Month string: dec

Fixed Path: /2010/dec/10/, Year: 110, Month: 11, Day: 10

bb_releasedir(path="/2010/dec/10", fi=0xb7789200)
    flags = 0x00000000
    fh_old = 0x00000000
    writepage = 0
    direct_io = 0
    keep_cache = 0
    fh = 0x0000000000000000
    lock_owner = 0x0000000000000000
